\BOOKMARK [0][-]{chapter.1}{\376\377\000I\000n\000t\000r\000o\000d\000u\000c\000t\000i\000o\000n\000:\000\040\000P\000a\000r\000t\000\040\000I}{}% 1
\BOOKMARK [1][-]{section.1.1}{\376\377\000S\000e\000t\000s}{chapter.1}% 2
\BOOKMARK [1][-]{section.1.2}{\376\377\000T\000h\000e\000\040\000p\000r\000i\000n\000c\000i\000p\000l\000e\000\040\000o\000f\000\040\000i\000n\000d\000u\000c\000t\000i\000o\000n}{chapter.1}% 3
\BOOKMARK [1][-]{section.1.3}{\376\377\000O\000r\000d\000e\000r\000\040\000s\000t\000r\000u\000c\000t\000u\000r\000e\000\040\000o\000f\000\040\000t\000h\000e\000\040\000r\000e\000a\000l\000\040\000n\000u\000m\000b\000e\000r\000s}{chapter.1}% 4
\BOOKMARK [0][-]{chapter.2}{\376\377\000I\000n\000t\000r\000o\000d\000u\000c\000t\000i\000o\000n\000:\000\040\000P\000a\000r\000t\000\040\000I\000I}{}% 5
\BOOKMARK [1][-]{section.2.1}{\376\377\000F\000u\000n\000c\000t\000i\000o\000n\000s}{chapter.2}% 6
\BOOKMARK [1][-]{section.2.2}{\376\377\000C\000a\000r\000d\000i\000n\000a\000l\000i\000t\000y\000\040\000o\000f\000\040\000S\000e\000t\000s}{chapter.2}% 7
\BOOKMARK [1][-]{section.2.3}{\376\377\000E\000u\000c\000l\000i\000d\000e\000a\000n\000\040\000d\000i\000s\000t\000a\000n\000c\000e}{chapter.2}% 8
\BOOKMARK [0][-]{chapter.3}{\376\377\000I\000n\000t\000r\000o\000d\000u\000c\000t\000i\000o\000n\000:\000\040\000P\000a\000r\000t\000\040\000I\000I\000I}{}% 9
\BOOKMARK [1][-]{section.3.1}{\376\377\000R\000e\000a\000l\000\040\000v\000a\000l\000u\000e\000d\000\040\000s\000e\000q\000u\000e\000n\000c\000e\000s}{chapter.3}% 10
\BOOKMARK [0][-]{chapter.4}{\376\377\000M\000e\000a\000s\000u\000r\000a\000b\000l\000e\000\040\000s\000e\000t\000s\000:\000\040\000P\000a\000r\000t\000\040\000I}{}% 11
\BOOKMARK [1][-]{section.4.1}{\376\377\000M\000e\000a\000s\000u\000r\000a\000b\000l\000e\000\040\000s\000p\000a\000c\000e\000s}{chapter.4}% 12
\BOOKMARK [0][-]{chapter.5}{\376\377\000M\000e\000a\000s\000u\000r\000a\000b\000l\000e\000\040\000s\000e\000t\000s\000:\000\040\000P\000a\000r\000t\000\040\000I\000I}{}% 13
\BOOKMARK [1][-]{section.5.1}{\376\377\000M\000e\000a\000s\000u\000r\000e\000\040\000s\000p\000a\000c\000e\000s}{chapter.5}% 14
\BOOKMARK [1][-]{section.5.2}{\376\377\000S\000e\000m\000i\000r\000i\000n\000g\000s}{chapter.5}% 15
\BOOKMARK [0][-]{chapter.6}{\376\377\000M\000e\000a\000s\000u\000r\000a\000b\000l\000e\000\040\000s\000e\000t\000s\000:\000\040\000P\000a\000r\000t\000\040\000I\000I\000I}{}% 16
\BOOKMARK [1][-]{section.6.1}{\376\377\000M\000e\000a\000s\000u\000r\000e\000\040\000e\000x\000t\000e\000n\000s\000i\000o\000n\000s}{chapter.6}% 17
\BOOKMARK [0][-]{chapter.7}{\376\377\000M\000e\000a\000s\000u\000r\000a\000b\000l\000e\000\040\000f\000u\000n\000c\000t\000i\000o\000n\000s}{}% 18
\BOOKMARK [1][-]{section.7.1}{\376\377\000T\000h\000e\000\040\000c\000o\000n\000c\000e\000p\000t\000\040\000o\000f\000\040\000m\000e\000a\000s\000u\000r\000a\000b\000l\000e\000\040\000f\000u\000n\000c\000t\000i\000o\000n\000s}{chapter.7}% 19
\BOOKMARK [1][-]{section.7.2}{\376\377\000F\000u\000n\000c\000t\000i\000o\000n\000s\000\040\000t\000a\000k\000i\000n\000g\000\040\000v\000a\000l\000u\000e\000s\000\040\000i\000n\000\040\000t\000h\000e\000\040\000e\000x\000t\000e\000n\000d\000e\000d\000\040\000r\000e\000a\000l\000\040\000n\000u\000m\000b\000e\000r\000s}{chapter.7}% 20
\BOOKMARK [1][-]{section.7.3}{\376\377\000S\000e\000q\000u\000e\000n\000c\000e\000\040\000o\000f\000\040\000m\000e\000a\000s\000u\000r\000a\000b\000l\000e\000\040\000f\000u\000n\000c\000t\000i\000o\000n\000s}{chapter.7}% 21
\BOOKMARK [0][-]{chapter.8}{\376\377\000I\000n\000t\000e\000g\000r\000a\000t\000i\000o\000n\000:\000\040\000P\000a\000r\000t\000\040\000I}{}% 22
\BOOKMARK [1][-]{section.8.1}{\376\377\000T\000h\000e\000\040\000i\000n\000t\000e\000g\000r\000a\000l\000\040\000f\000o\000r\000\040\000n\000o\000n\000-\000n\000e\000g\000a\000t\000i\000v\000e\000\040\000f\000u\000n\000c\000t\000i\000o\000n\000s}{chapter.8}% 23
\BOOKMARK [1][-]{section.8.2}{\376\377\000I\000n\000t\000e\000g\000r\000a\000b\000l\000e\000\040\000f\000u\000n\000c\000t\000i\000o\000n\000s}{chapter.8}% 24
\BOOKMARK [1][-]{section.8.3}{\376\377\000F\000a\000t\000o\000u\000'\000s\000\040\000l\000e\000m\000m\000a\000\040\000a\000n\000d\000\040\000L\000e\000b\000e\000s\000g\000u\000e\000'\000s\000\040\000d\000o\000m\000i\000n\000a\000t\000e\000d\000\040\000c\000o\000n\000v\000e\000r\000g\000e\000n\000c\000e\000\040\000t\000h\000e\000o\000r\000e\000m}{chapter.8}% 25
\BOOKMARK [1][-]{section.8.4}{\376\377\000I\000n\000t\000e\000g\000r\000a\000t\000i\000o\000n\000\040\000o\000v\000e\000r\000\040\000m\000e\000a\000s\000u\000r\000a\000b\000l\000e\000\040\000s\000e\000t\000s}{chapter.8}% 26
\BOOKMARK [0][-]{chapter.9}{\376\377\000I\000n\000t\000e\000g\000r\000a\000t\000i\000o\000n\000:\000\040\000P\000a\000r\000t\000\040\000I\000I}{}% 27
\BOOKMARK [1][-]{section.9.1}{\376\377\000P\000u\000s\000h\000f\000o\000r\000w\000a\000r\000d\000\040\000m\000e\000a\000s\000u\000r\000e}{chapter.9}% 28
\BOOKMARK [1][-]{section.9.2}{\376\377\000D\000e\000n\000s\000i\000t\000i\000e\000s}{chapter.9}% 29
\BOOKMARK [1][-]{section.9.3}{\376\377\000I\000n\000t\000e\000g\000r\000a\000t\000i\000o\000n\000\040\000w\000i\000t\000h\000\040\000r\000e\000s\000p\000e\000c\000t\000\040\000t\000o\000\040\000t\000h\000e\000\040\000L\000e\000b\000e\000s\000g\000u\000e\000\040\000m\000e\000a\000s\000u\000r\000e\000\040\000o\000n\000\040\000t\000h\000e\000\040\000r\000e\000a\000l\000\040\000l\000i\000n\000e}{chapter.9}% 30
\BOOKMARK [1][-]{section.9.4}{\376\377\000C\000h\000a\000n\000g\000e\000\040\000o\000f\000\040\000v\000a\000r\000i\000a\000b\000l\000e}{chapter.9}% 31
\BOOKMARK [1][-]{section.9.5}{\376\377\000I\000n\000t\000e\000g\000r\000a\000t\000i\000o\000n\000\040\000o\000n\000\040\000p\000r\000o\000d\000u\000c\000t\000\040\000s\000p\000a\000c\000e\000s}{chapter.9}% 32
\BOOKMARK [1][-]{section.9.6}{\376\377\000L\000e\000c\000t\000u\000r\000e}{chapter.9}% 33
\BOOKMARK [0][-]{chapter.10}{\376\377\000G\000e\000n\000e\000r\000a\000l\000\040\000n\000o\000t\000i\000o\000n\000s\000\040\000i\000n\000\040\000P\000r\000o\000b\000a\000b\000i\000l\000i\000t\000y}{}% 34
\BOOKMARK [1][-]{section.10.1}{\376\377\000P\000r\000o\000b\000a\000b\000i\000l\000i\000t\000y\000\040\000s\000p\000a\000c\000e\000s}{chapter.10}% 35
\BOOKMARK [1][-]{section.10.2}{\376\377\000R\000a\000n\000d\000o\000m\000\040\000v\000a\000r\000i\000a\000b\000l\000e\000s\000\040\000a\000n\000d\000\040\000r\000a\000n\000d\000o\000m\000\040\000v\000e\000c\000t\000o\000r\000s}{chapter.10}% 36
\BOOKMARK [1][-]{section.10.3}{\376\377\000D\000i\000s\000c\000r\000e\000t\000e\000\040\000l\000a\000w\000s}{chapter.10}% 37
\BOOKMARK [1][-]{section.10.4}{\376\377\000C\000o\000n\000t\000i\000n\000u\000o\000u\000s\000\040\000l\000a\000w\000s}{chapter.10}% 38
\BOOKMARK [1][-]{section.10.5}{\376\377\000E\000x\000p\000e\000c\000t\000a\000t\000i\000o\000n}{chapter.10}% 39
\BOOKMARK [1][-]{section.10.6}{\376\377\000D\000i\000s\000t\000r\000i\000b\000u\000t\000i\000o\000n\000\040\000f\000u\000n\000c\000t\000i\000o\000n}{chapter.10}% 40
\BOOKMARK [0][-]{chapter.11}{\376\377\000C\000o\000l\000l\000e\000c\000t\000i\000o\000n\000\040\000o\000f\000\040\000r\000a\000n\000d\000o\000m\000\040\000v\000e\000c\000t\000o\000r\000s}{}% 41
\BOOKMARK [1][-]{section.11.1}{\376\377\000I\000n\000d\000e\000p\000e\000n\000d\000e\000n\000c\000e}{chapter.11}% 42
\BOOKMARK [1][-]{section.11.2}{\376\377\000S\000u\000m\000s\000\040\000o\000f\000\040\000i\000n\000d\000e\000p\000e\000n\000d\000e\000n\000t\000\040\000r\000a\000n\000d\000o\000m\000\040\000v\000e\000c\000t\000o\000r\000s}{chapter.11}% 43
\BOOKMARK [1][-]{section.11.3}{\376\377\000G\000a\000u\000s\000s\000\040\000v\000e\000c\000t\000o\000r\000s}{chapter.11}% 44
\BOOKMARK [1][-]{section.11.4}{\376\377\000L\000e\000c\000t\000u\000r\000e}{chapter.11}% 45
\BOOKMARK [0][-]{chapter.12}{\376\377\000M\000o\000c\000k\000\040\000e\000x\000a\000m\000\040\0001}{}% 46
\BOOKMARK [0][-]{chapter.13}{\376\377\000M\000o\000c\000k\000\040\000e\000x\000a\000m\000\040\0002}{}% 47
